<?xml version="1.0" encoding="UTF-8"?>
<testsuite name="org.fpm.di.test5.UsageTest" tests="1" skipped="0" failures="0" errors="0" timestamp="2022-12-30T15:58:58" hostname="DESKTOP-1SQT52L" time="0.025">
  <properties/>
  <testcase name="shouldThrowCyclicDependencyException" classname="org.fpm.di.test5.UsageTest" time="0.025"/>
  <system-out><![CDATA[]]></system-out>
  <system-err><![CDATA[]]></system-err>
</testsuite>
